SF:lib\domain\usecases\get_movie_detail.dart
DA:9,1
DA:11,1
DA:12,2
LF:3
LH:3
end_of_record
SF:lib\domain\usecases\get_tvseries_detail.dart
DA:9,1
DA:11,1
DA:12,2
LF:3
LH:3
end_of_record
SF:lib\presentation\bloc\detail_state.dart
DA:5,1
DA:7,1
DA:8,1
DA:20,1
DA:22,1
DA:23,2
DA:31,1
DA:33,1
DA:34,2
LF:9
LH:9
end_of_record
SF:lib\presentation\bloc\detail_event.dart
DA:5,1
DA:11,1
LF:2
LH:2
end_of_record
SF:lib\presentation\bloc\detail_bloc.dart
DA:18,3
DA:21,1
DA:24,1
DA:25,1
DA:27,2
DA:28,3
DA:31,2
DA:32,1
DA:33,3
DA:35,1
DA:38,2
LF:11
LH:11
end_of_record
SF:lib\presentation\bloc\detail_tv_event.dart
DA:5,1
DA:11,1
LF:2
LH:2
end_of_record
SF:lib\presentation\bloc\detail_tv_state.dart
DA:5,1
DA:7,1
DA:8,1
DA:20,1
DA:22,1
DA:23,2
DA:29,1
DA:31,1
DA:32,2
LF:9
LH:9
end_of_record
SF:lib\presentation\bloc\detail_tv_bloc.dart
DA:13,3
DA:16,1
DA:19,1
DA:20,1
DA:22,2
DA:23,3
DA:25,2
DA:26,1
DA:27,3
DA:29,1
DA:30,2
LF:11
LH:11
end_of_record
SF:lib\presentation\bloc\recommendation\recommendation_state.dart
DA:5,1
DA:7,1
DA:8,1
DA:20,1
DA:22,1
DA:23,2
DA:31,1
DA:33,1
DA:34,2
LF:9
LH:9
end_of_record
SF:lib\presentation\bloc\recommendation\recommendation_event.dart
DA:5,1
DA:11,1
LF:2
LH:2
end_of_record
SF:lib\presentation\bloc\recommendation\recommendation_bloc.dart
DA:14,3
DA:17,1
DA:20,1
DA:21,1
DA:23,2
DA:24,3
DA:26,2
DA:27,1
DA:28,3
DA:30,1
DA:31,2
LF:11
LH:11
end_of_record
SF:lib\presentation\bloc\recommendation\recommendation_tv_state.dart
DA:5,1
DA:7,1
DA:8,1
DA:20,1
DA:22,1
DA:23,2
DA:29,1
DA:31,1
DA:32,2
LF:9
LH:9
end_of_record
SF:lib\presentation\bloc\recommendation\recommendation_tv_event.dart
DA:5,1
DA:11,1
LF:2
LH:2
end_of_record
SF:lib\presentation\bloc\recommendation\recommendation_tv_bloc.dart
DA:14,1
DA:15,2
DA:18,1
DA:21,1
DA:22,1
DA:24,2
DA:25,3
DA:27,2
DA:28,1
DA:29,3
DA:31,1
DA:32,2
LF:12
LH:12
end_of_record
SF:lib\presentation\bloc\season_tvseries\season_tv_state.dart
DA:5,1
DA:7,1
DA:8,1
DA:20,1
DA:22,1
DA:23,2
DA:29,1
DA:31,1
DA:32,2
LF:9
LH:9
end_of_record
SF:lib\presentation\bloc\season_tvseries\season_tv_bloc.dart
DA:13,3
DA:16,1
DA:19,1
DA:20,1
DA:21,1
DA:23,2
DA:24,3
DA:26,2
DA:27,1
DA:28,3
DA:30,1
DA:31,2
LF:12
LH:12
end_of_record
SF:lib\presentation\bloc\season_tvseries\season_tv_event.dart
DA:5,1
DA:12,1
LF:2
LH:2
end_of_record
SF:lib\presentation\bloc\watchlist_status\watchlist_status_event.dart
DA:5,1
DA:11,1
DA:17,1
DA:23,1
LF:4
LH:4
end_of_record
SF:lib\presentation\bloc\watchlist_status\watchlist_status_bloc.dart
DA:21,1
DA:23,2
DA:26,0
DA:29,1
DA:32,1
DA:33,1
DA:35,3
DA:36,2
DA:37,1
DA:38,1
DA:40,3
DA:42,2
DA:43,0
DA:44,0
DA:46,1
DA:47,1
DA:48,4
DA:49,2
DA:52,1
DA:53,1
DA:55,3
DA:57,2
DA:58,0
DA:59,0
DA:61,1
DA:62,1
DA:63,4
DA:64,2
LF:28
LH:23
end_of_record
SF:lib\presentation\bloc\watchlist_status\watchlist_status_state.dart
DA:5,1
DA:7,1
DA:8,1
DA:16,1
DA:18,1
DA:19,2
LF:6
LH:6
end_of_record
SF:lib\presentation\bloc\watchlist_status\watchlist_status_tv_event.dart
DA:5,1
DA:11,1
DA:17,1
DA:23,1
LF:4
LH:4
end_of_record
SF:lib\presentation\bloc\watchlist_status\watchlist_status_tv_bloc.dart
DA:21,1
DA:23,2
DA:26,0
DA:29,1
DA:32,1
DA:33,1
DA:35,3
DA:36,2
DA:37,1
DA:38,1
DA:40,3
DA:42,2
DA:43,0
DA:44,0
DA:46,1
DA:47,1
DA:48,4
DA:49,2
DA:52,1
DA:53,1
DA:55,3
DA:57,2
DA:58,0
DA:59,0
DA:61,1
DA:62,1
DA:63,4
DA:64,2
LF:28
LH:23
end_of_record
SF:lib\presentation\bloc\watchlist_status\watchlist_status_tv_state.dart
DA:5,1
DA:7,1
DA:8,1
DA:16,1
DA:18,1
DA:19,2
LF:6
LH:6
end_of_record
